#
# There is insufficient memory for the Java Runtime Environment to continue.
# Native memory allocation (malloc) failed to allocate 32744 bytes for ChunkPool::allocate
# Possible reasons:
#   The system is out of physical RAM or swap space
#   The process is running with CompressedOops enabled, and the Java Heap may be blocking the growth of the native heap
# Possible solutions:
#   Reduce memory load on the system
#   Increase physical memory or swap space
#   Check if swap backing store is full
#   Decrease Java heap size (-Xmx/-Xms)
#   Decrease number of Java threads
#   Decrease Java thread stack sizes (-Xss)
#   Set larger code cache with -XX:ReservedCodeCacheSize=
#   JVM is running with Unscaled Compressed Oops mode in which the Java heap is
#     placed in the first 4GB address space. The Java Heap base address is the
#     maximum limit for the native heap growth. Please use -XX:HeapBaseMinAddress
#     to set the Java Heap base and to place the Java Heap above 4GB virtual address.
# This output file may be truncated or incomplete.
#
#  Out of Memory Error (./src/hotspot/share/memory/arena.cpp:81), pid=3652, tid=24852
#
# JRE version: OpenJDK Runtime Environment Zulu11.60+19-CA (11.0.17+8) (build 11.0.17+8-LTS)
# Java VM: OpenJDK 64-Bit Server VM Zulu11.60+19-CA (11.0.17+8-LTS, mixed mode, tiered, compressed oops, g1 gc, windows-amd64)
# No core dump will be written. Minidumps are not enabled by default on client versions of Windows
#

---------------  S U M M A R Y ------------

Command Line: -Dorg.gradle.internal.worker.tmpdir=C:\Users\yj\seb42_main_016\udog_server\build\tmp\test\work -Dorg.gradle.native=false -Xmx512m -Dfile.encoding=x-windows-949 -Duser.country=KR -Duser.language=ko -Duser.variant -ea worker.org.gradle.process.internal.worker.GradleWorkerMain 'Gradle Test Executor 1'

Host: AMD Ryzen 5 4500U with Radeon Graphics         , 6 cores, 11G,  Windows 11 , 64 bit Build 22621 (10.0.22621.1194)
Time: Thu Mar 16 23:53:25 2023  Windows 11 , 64 bit Build 22621 (10.0.22621.1194) elapsed time: 3.270226 seconds (0d 0h 0m 3s)

---------------  T H R E A D  ---------------

Current thread (0x00000250493f0000):  JavaThread "C2 CompilerThread1" daemon [_thread_in_native, id=24852, stack(0x000000a261a00000,0x000000a261b00000)]


Current CompileTask:
C2:   3270 2582       4       java.util.concurrent.ConcurrentHashMap$ValueIterator::next (34 bytes)

Stack: [0x000000a261a00000,0x000000a261b00000]
Native frames: (J=compiled Java code, j=interpreted, Vv=VM code, C=native code)
V  [jvm.dll+0x62942a]
V  [jvm.dll+0x7b6f39]
V  [jvm.dll+0x7b8628]
V  [jvm.dll+0x7b8d03]
V  [jvm.dll+0x2539f8]
V  [jvm.dll+0xc26bb]
V  [jvm.dll+0xc2a1c]
V  [jvm.dll+0xc256b]
V  [jvm.dll+0x606a8f]
V  [jvm.dll+0x65a0b4]
V  [jvm.dll+0x19e87d]
V  [jvm.dll+0x208875]
V  [jvm.dll+0x20789d]
V  [jvm.dll+0x18a0c1]
V  [jvm.dll+0x217234]
V  [jvm.dll+0x21547b]
V  [jvm.dll+0x779ac0]
V  [jvm.dll+0x7729e4]
V  [jvm.dll+0x628295]
C  [ucrtbase.dll+0x29363]
C  [KERNEL32.DLL+0x126bd]
C  [ntdll.dll+0x5dfb8]


---------------  P R O C E S S  ---------------

Threads class SMR info:
_java_thread_list=0x000002504ab568e0, length=15, elements={
0x000002502d277000, 0x000002504869a000, 0x00000250486c8000, 0x00000250486eb000,
0x00000250486ee000, 0x0000025048f3c800, 0x0000025048f3e000, 0x0000025048f41800,
0x0000025048f49800, 0x0000025049104000, 0x0000025049d9a800, 0x0000025049aa2800,
0x0000025049a97800, 0x00000250493f0000, 0x000002504a727800
}

Java Threads: ( => current thread )
  0x000002502d277000 JavaThread "Test worker" [_thread_in_Java, id=12164, stack(0x000000a25ff00000,0x000000a260000000)]
  0x000002504869a000 JavaThread "Reference Handler" daemon [_thread_blocked, id=4212, stack(0x000000a260600000,0x000000a260700000)]
  0x00000250486c8000 JavaThread "Finalizer" daemon [_thread_blocked, id=6552, stack(0x000000a260700000,0x000000a260800000)]
  0x00000250486eb000 JavaThread "Signal Dispatcher" daemon [_thread_blocked, id=27496, stack(0x000000a260800000,0x000000a260900000)]
  0x00000250486ee000 JavaThread "Attach Listener" daemon [_thread_blocked, id=11580, stack(0x000000a260900000,0x000000a260a00000)]
  0x0000025048f3c800 JavaThread "Service Thread" daemon [_thread_blocked, id=27876, stack(0x000000a260a00000,0x000000a260b00000)]
  0x0000025048f3e000 JavaThread "C2 CompilerThread0" daemon [_thread_in_native, id=23988, stack(0x000000a260b00000,0x000000a260c00000)]
  0x0000025048f41800 JavaThread "C1 CompilerThread0" daemon [_thread_in_native, id=24588, stack(0x000000a260c00000,0x000000a260d00000)]
  0x0000025048f49800 JavaThread "Sweeper thread" daemon [_thread_blocked, id=21204, stack(0x000000a260d00000,0x000000a260e00000)]
  0x0000025049104000 JavaThread "Common-Cleaner" daemon [_thread_blocked, id=17104, stack(0x000000a260f00000,0x000000a261000000)]
  0x0000025049d9a800 JavaThread "/127.0.0.1:5493 to /127.0.0.1:5492 workers" [_thread_blocked, id=14796, stack(0x000000a261100000,0x000000a261200000)]
  0x0000025049aa2800 JavaThread "/127.0.0.1:5493 to /127.0.0.1:5492 workers Thread 2" [_thread_blocked, id=17388, stack(0x000000a261200000,0x000000a261300000)]
  0x0000025049a97800 JavaThread "/127.0.0.1:5493 to /127.0.0.1:5492 workers Thread 3" [_thread_in_native, id=21516, stack(0x000000a261300000,0x000000a261400000)]
=>0x00000250493f0000 JavaThread "C2 CompilerThread1" daemon [_thread_in_native, id=24852, stack(0x000000a261a00000,0x000000a261b00000)]
  0x000002504a727800 JavaThread "background-preinit" [_thread_in_Java, id=8692, stack(0x000000a261c00000,0x000000a261d00000)]

Other Threads:
  0x0000025048699000 VMThread "VM Thread" [stack: 0x000000a260500000,0x000000a260600000] [id=19016]
  0x00000250490fb000 WatcherThread [stack: 0x000000a260e00000,0x000000a260f00000] [id=18832]
  0x000002502d292000 GCTaskThread "GC Thread#0" [stack: 0x000000a260000000,0x000000a260100000] [id=24580]
  0x0000025049a91000 GCTaskThread "GC Thread#1" [stack: 0x000000a261400000,0x000000a261500000] [id=11144]
  0x0000025049a92000 GCTaskThread "GC Thread#2" [stack: 0x000000a261500000,0x000000a261600000] [id=17636]
  0x0000025049ee1800 GCTaskThread "GC Thread#3" [stack: 0x000000a261600000,0x000000a261700000] [id=4844]
  0x0000025049ee2000 GCTaskThread "GC Thread#4" [stack: 0x000000a261700000,0x000000a261800000] [id=24676]
  0x0000025049ed2800 GCTaskThread "GC Thread#5" [stack: 0x000000a261800000,0x000000a261900000] [id=13604]
  0x000002502d2a3800 ConcurrentGCThread "G1 Main Marker" [stack: 0x000000a260100000,0x000000a260200000] [id=8612]
  0x000002502d2a5800 ConcurrentGCThread "G1 Conc#0" [stack: 0x000000a260200000,0x000000a260300000] [id=23708]
  0x000002504a5c1000 ConcurrentGCThread "G1 Conc#1" [stack: 0x000000a261b00000,0x000000a261c00000] [id=9512]
  0x0000025048508800 ConcurrentGCThread "G1 Refine#0" [stack: 0x000000a260300000,0x000000a260400000] [id=18228]
  0x00000250492d7800 ConcurrentGCThread "G1 Refine#1" [stack: 0x000000a261900000,0x000000a261a00000] [id=25324]
  0x000002504850b800 ConcurrentGCThread "G1 Young RemSet Sampling" [stack: 0x000000a260400000,0x000000a260500000] [id=28496]

Threads with active compile tasks:
C2 CompilerThread0     3297 2330   !   4       jdk.internal.loader.BuiltinClassLoader::loadClassOrNull (143 bytes)
C1 CompilerThread0     3297 2584       3       org.springframework.asm.ClassReader::accept (1401 bytes)
C2 CompilerThread1     3297 2582       4       java.util.concurrent.ConcurrentHashMap$ValueIterator::next (34 bytes)

VM state:not at safepoint (normal execution)

VM Mutex/Monitor currently owned by a thread: None

Heap address: 0x00000000e0000000, size: 512 MB, Compressed Oops mode: 32-bit
Narrow klass base: 0x0000000000000000, Narrow klass shift: 3
Compressed class space size: 1073741824 Address: 0x0000000100000000

Heap:
 garbage-first heap   total 186368K, used 48591K [0x00000000e0000000, 0x0000000100000000)
  region size 1024K, 40 young (40960K), 4 survivors (4096K)
 Metaspace       used 31310K, capacity 32365K, committed 32512K, reserved 1077248K
  class space    used 3877K, capacity 4270K, committed 4352K, reserved 1048576K
Heap Regions: E=young(eden), S=young(survivor), O=old, HS=humongous(starts), HC=humongous(continues), CS=collection set, F=free, A=archive, TAMS=top-at-mark-start (previous, next)
|   0|0x00000000e0000000, 0x00000000e0100000, 0x00000000e0100000|100%|HS|  |TAMS 0x00000000e0100000, 0x00000000e0000000| Complete 
|   1|0x00000000e0100000, 0x00000000e0200000, 0x00000000e0200000|100%| O|  |TAMS 0x00000000e0200000, 0x00000000e0100000| Untracked 
|   2|0x00000000e0200000, 0x00000000e0300000, 0x00000000e0300000|100%| O|  |TAMS 0x00000000e0300000, 0x00000000e0200000| Untracked 
|   3|0x00000000e0300000, 0x00000000e0400000, 0x00000000e0400000|100%| O|  |TAMS 0x00000000e0400000, 0x00000000e0300000| Untracked 
|   4|0x00000000e0400000, 0x00000000e0500000, 0x00000000e0500000|100%| O|  |TAMS 0x00000000e0500000, 0x00000000e0400000| Untracked 
|   5|0x00000000e0500000, 0x00000000e0600000, 0x00000000e0600000|100%| O|  |TAMS 0x00000000e0600000, 0x00000000e0500000| Untracked 
|   6|0x00000000e0600000, 0x00000000e0700000, 0x00000000e0700000|100%| O|  |TAMS 0x00000000e0700000, 0x00000000e0600000| Untracked 
|   7|0x00000000e0700000, 0x00000000e0800000, 0x00000000e0800000|100%| O|  |TAMS 0x00000000e0800000, 0x00000000e0700000| Untracked 
|   8|0x00000000e0800000, 0x00000000e0900000, 0x00000000e0900000|100%| O|  |TAMS 0x00000000e0900000, 0x00000000e0800000| Untracked 
|   9|0x00000000e0900000, 0x00000000e090ae00, 0x00000000e0a00000|  4%| O|  |TAMS 0x00000000e090ae00, 0x00000000e0900000| Untracked 
|  10|0x00000000e0a00000, 0x00000000e0a00000, 0x00000000e0b00000|  0%| F|  |TAMS 0x00000000e0a00000, 0x00000000e0a00000| Untracked 
|  11|0x00000000e0b00000, 0x00000000e0b00000, 0x00000000e0c00000|  0%| F|  |TAMS 0x00000000e0b00000, 0x00000000e0b00000| Untracked 
|  12|0x00000000e0c00000, 0x00000000e0c00000, 0x00000000e0d00000|  0%| F|  |TAMS 0x00000000e0c00000, 0x00000000e0c00000| Untracked 
|  13|0x00000000e0d00000, 0x00000000e0d00000, 0x00000000e0e00000|  0%| F|  |TAMS 0x00000000e0d00000, 0x00000000e0d00000| Untracked 
|  14|0x00000000e0e00000, 0x00000000e0e00000, 0x00000000e0f00000|  0%| F|  |TAMS 0x00000000e0e00000, 0x00000000e0e00000| Untracked 
|  15|0x00000000e0f00000, 0x00000000e0f00000, 0x00000000e1000000|  0%| F|  |TAMS 0x00000000e0f00000, 0x00000000e0f00000| Untracked 
|  16|0x00000000e1000000, 0x00000000e1000000, 0x00000000e1100000|  0%| F|  |TAMS 0x00000000e1000000, 0x00000000e1000000| Untracked 
|  17|0x00000000e1100000, 0x00000000e1100000, 0x00000000e1200000|  0%| F|  |TAMS 0x00000000e1100000, 0x00000000e1100000| Untracked 
|  18|0x00000000e1200000, 0x00000000e1200000, 0x00000000e1300000|  0%| F|  |TAMS 0x00000000e1200000, 0x00000000e1200000| Untracked 
|  19|0x00000000e1300000, 0x00000000e1300000, 0x00000000e1400000|  0%| F|  |TAMS 0x00000000e1300000, 0x00000000e1300000| Untracked 
|  20|0x00000000e1400000, 0x00000000e1400000, 0x00000000e1500000|  0%| F|  |TAMS 0x00000000e1400000, 0x00000000e1400000| Untracked 
|  21|0x00000000e1500000, 0x00000000e1500000, 0x00000000e1600000|  0%| F|  |TAMS 0x00000000e1500000, 0x00000000e1500000| Untracked 
|  22|0x00000000e1600000, 0x00000000e1600000, 0x00000000e1700000|  0%| F|  |TAMS 0x00000000e1600000, 0x00000000e1600000| Untracked 
|  23|0x00000000e1700000, 0x00000000e1700000, 0x00000000e1800000|  0%| F|  |TAMS 0x00000000e1700000, 0x00000000e1700000| Untracked 
|  24|0x00000000e1800000, 0x00000000e1800000, 0x00000000e1900000|  0%| F|  |TAMS 0x00000000e1800000, 0x00000000e1800000| Untracked 
|  25|0x00000000e1900000, 0x00000000e1900000, 0x00000000e1a00000|  0%| F|  |TAMS 0x00000000e1900000, 0x00000000e1900000| Untracked 
|  26|0x00000000e1a00000, 0x00000000e1a00000, 0x00000000e1b00000|  0%| F|  |TAMS 0x00000000e1a00000, 0x00000000e1a00000| Untracked 
|  27|0x00000000e1b00000, 0x00000000e1b00000, 0x00000000e1c00000|  0%| F|  |TAMS 0x00000000e1b00000, 0x00000000e1b00000| Untracked 
|  28|0x00000000e1c00000, 0x00000000e1c00000, 0x00000000e1d00000|  0%| F|  |TAMS 0x00000000e1c00000, 0x00000000e1c00000| Untracked 
|  29|0x00000000e1d00000, 0x00000000e1d00000, 0x00000000e1e00000|  0%| F|  |TAMS 0x00000000e1d00000, 0x00000000e1d00000| Untracked 
|  30|0x00000000e1e00000, 0x00000000e1e00000, 0x00000000e1f00000|  0%| F|  |TAMS 0x00000000e1e00000, 0x00000000e1e00000| Untracked 
|  31|0x00000000e1f00000, 0x00000000e1f00000, 0x00000000e2000000|  0%| F|  |TAMS 0x00000000e1f00000, 0x00000000e1f00000| Untracked 
|  32|0x00000000e2000000, 0x00000000e2000000, 0x00000000e2100000|  0%| F|  |TAMS 0x00000000e2000000, 0x00000000e2000000| Untracked 
|  33|0x00000000e2100000, 0x00000000e2100000, 0x00000000e2200000|  0%| F|  |TAMS 0x00000000e2100000, 0x00000000e2100000| Untracked 
|  34|0x00000000e2200000, 0x00000000e2200000, 0x00000000e2300000|  0%| F|  |TAMS 0x00000000e2200000, 0x00000000e2200000| Untracked 
|  35|0x00000000e2300000, 0x00000000e2300000, 0x00000000e2400000|  0%| F|  |TAMS 0x00000000e2300000, 0x00000000e2300000| Untracked 
|  36|0x00000000e2400000, 0x00000000e2400000, 0x00000000e2500000|  0%| F|  |TAMS 0x00000000e2400000, 0x00000000e2400000| Untracked 
|  37|0x00000000e2500000, 0x00000000e2500000, 0x00000000e2600000|  0%| F|  |TAMS 0x00000000e2500000, 0x00000000e2500000| Untracked 
|  38|0x00000000e2600000, 0x00000000e2600000, 0x00000000e2700000|  0%| F|  |TAMS 0x00000000e2600000, 0x00000000e2600000| Untracked 
|  39|0x00000000e2700000, 0x00000000e2700000, 0x00000000e2800000|  0%| F|  |TAMS 0x00000000e2700000, 0x00000000e2700000| Untracked 
|  40|0x00000000e2800000, 0x00000000e2800000, 0x00000000e2900000|  0%| F|  |TAMS 0x00000000e2800000, 0x00000000e2800000| Untracked 
|  41|0x00000000e2900000, 0x00000000e2900000, 0x00000000e2a00000|  0%| F|  |TAMS 0x00000000e2900000, 0x00000000e2900000| Untracked 
|  42|0x00000000e2a00000, 0x00000000e2a00000, 0x00000000e2b00000|  0%| F|  |TAMS 0x00000000e2a00000, 0x00000000e2a00000| Untracked 
|  43|0x00000000e2b00000, 0x00000000e2b00000, 0x00000000e2c00000|  0%| F|  |TAMS 0x00000000e2b00000, 0x00000000e2b00000| Untracked 
|  44|0x00000000e2c00000, 0x00000000e2c00000, 0x00000000e2d00000|  0%| F|  |TAMS 0x00000000e2c00000, 0x00000000e2c00000| Untracked 
|  45|0x00000000e2d00000, 0x00000000e2d00000, 0x00000000e2e00000|  0%| F|  |TAMS 0x00000000e2d00000, 0x00000000e2d00000| Untracked 
|  46|0x00000000e2e00000, 0x00000000e2e00000, 0x00000000e2f00000|  0%| F|  |TAMS 0x00000000e2e00000, 0x00000000e2e00000| Untracked 
|  47|0x00000000e2f00000, 0x00000000e2f00000, 0x00000000e3000000|  0%| F|  |TAMS 0x00000000e2f00000, 0x00000000e2f00000| Untracked 
|  48|0x00000000e3000000, 0x00000000e3000000, 0x00000000e3100000|  0%| F|  |TAMS 0x00000000e3000000, 0x00000000e3000000| Untracked 
|  49|0x00000000e3100000, 0x00000000e3100000, 0x00000000e3200000|  0%| F|  |TAMS 0x00000000e3100000, 0x00000000e3100000| Untracked 
|  50|0x00000000e3200000, 0x00000000e3200000, 0x00000000e3300000|  0%| F|  |TAMS 0x00000000e3200000, 0x00000000e3200000| Untracked 
|  51|0x00000000e3300000, 0x00000000e3300000, 0x00000000e3400000|  0%| F|  |TAMS 0x00000000e3300000, 0x00000000e3300000| Untracked 
|  52|0x00000000e3400000, 0x00000000e3400000, 0x00000000e3500000|  0%| F|  |TAMS 0x00000000e3400000, 0x00000000e3400000| Untracked 
|  53|0x00000000e3500000, 0x00000000e3500000, 0x00000000e3600000|  0%| F|  |TAMS 0x00000000e3500000, 0x00000000e3500000| Untracked 
|  54|0x00000000e3600000, 0x00000000e3600000, 0x00000000e3700000|  0%| F|  |TAMS 0x00000000e3600000, 0x00000000e3600000| Untracked 
|  55|0x00000000e3700000, 0x00000000e3700000, 0x00000000e3800000|  0%| F|  |TAMS 0x00000000e3700000, 0x00000000e3700000| Untracked 
|  56|0x00000000e3800000, 0x00000000e3800000, 0x00000000e3900000|  0%| F|  |TAMS 0x00000000e3800000, 0x00000000e3800000| Untracked 
|  57|0x00000000e3900000, 0x00000000e3900000, 0x00000000e3a00000|  0%| F|  |TAMS 0x00000000e3900000, 0x00000000e3900000| Untracked 
|  58|0x00000000e3a00000, 0x00000000e3a00000, 0x00000000e3b00000|  0%| F|  |TAMS 0x00000000e3a00000, 0x00000000e3a00000| Untracked 
|  59|0x00000000e3b00000, 0x00000000e3b00000, 0x00000000e3c00000|  0%| F|  |TAMS 0x00000000e3b00000, 0x00000000e3b00000| Untracked 
|  60|0x00000000e3c00000, 0x00000000e3c00000, 0x00000000e3d00000|  0%| F|  |TAMS 0x00000000e3c00000, 0x00000000e3c00000| Untracked 
|  61|0x00000000e3d00000, 0x00000000e3d00000, 0x00000000e3e00000|  0%| F|  |TAMS 0x00000000e3d00000, 0x00000000e3d00000| Untracked 
|  62|0x00000000e3e00000, 0x00000000e3e00000, 0x00000000e3f00000|  0%| F|  |TAMS 0x00000000e3e00000, 0x00000000e3e00000| Untracked 
|  63|0x00000000e3f00000, 0x00000000e3f00000, 0x00000000e4000000|  0%| F|  |TAMS 0x00000000e3f00000, 0x00000000e3f00000| Untracked 
|  64|0x00000000e4000000, 0x00000000e4000000, 0x00000000e4100000|  0%| F|  |TAMS 0x00000000e4000000, 0x00000000e4000000| Untracked 
|  65|0x00000000e4100000, 0x00000000e4100000, 0x00000000e4200000|  0%| F|  |TAMS 0x00000000e4100000, 0x00000000e4100000| Untracked 
|  66|0x00000000e4200000, 0x00000000e4200000, 0x00000000e4300000|  0%| F|  |TAMS 0x00000000e4200000, 0x00000000e4200000| Untracked 
|  67|0x00000000e4300000, 0x00000000e4300000, 0x00000000e4400000|  0%| F|  |TAMS 0x00000000e4300000, 0x00000000e4300000| Untracked 
|  68|0x00000000e4400000, 0x00000000e4400000, 0x00000000e4500000|  0%| F|  |TAMS 0x00000000e4400000, 0x00000000e4400000| Untracked 
|  69|0x00000000e4500000, 0x00000000e4500000, 0x00000000e4600000|  0%| F|  |TAMS 0x00000000e4500000, 0x00000000e4500000| Untracked 
|  70|0x00000000e4600000, 0x00000000e4600000, 0x00000000e4700000|  0%| F|  |TAMS 0x00000000e4600000, 0x00000000e4600000| Untracked 
|  71|0x00000000e4700000, 0x00000000e4700000, 0x00000000e4800000|  0%| F|  |TAMS 0x00000000e4700000, 0x00000000e4700000| Untracked 
|  72|0x00000000e4800000, 0x00000000e4800000, 0x00000000e4900000|  0%| F|  |TAMS 0x00000000e4800000, 0x00000000e4800000| Untracked 
|  73|0x00000000e4900000, 0x00000000e4900000, 0x00000000e4a00000|  0%| F|  |TAMS 0x00000000e4900000, 0x00000000e4900000| Untracked 
|  74|0x00000000e4a00000, 0x00000000e4a00000, 0x00000000e4b00000|  0%| F|  |TAMS 0x00000000e4a00000, 0x00000000e4a00000| Untracked 
|  75|0x00000000e4b00000, 0x00000000e4b00000, 0x00000000e4c00000|  0%| F|  |TAMS 0x00000000e4b00000, 0x00000000e4b00000| Untracked 
|  76|0x00000000e4c00000, 0x00000000e4c00000, 0x00000000e4d00000|  0%| F|  |TAMS 0x00000000e4c00000, 0x00000000e4c00000| Untracked 
|  77|0x00000000e4d00000, 0x00000000e4d00000, 0x00000000e4e00000|  0%| F|  |TAMS 0x00000000e4d00000, 0x00000000e4d00000| Untracked 
|  78|0x00000000e4e00000, 0x00000000e4e00000, 0x00000000e4f00000|  0%| F|  |TAMS 0x00000000e4e00000, 0x00000000e4e00000| Untracked 
|  79|0x00000000e4f00000, 0x00000000e4f00000, 0x00000000e5000000|  0%| F|  |TAMS 0x00000000e4f00000, 0x00000000e4f00000| Untracked 
|  80|0x00000000e5000000, 0x00000000e5000000, 0x00000000e5100000|  0%| F|  |TAMS 0x00000000e5000000, 0x00000000e5000000| Untracked 
|  81|0x00000000e5100000, 0x00000000e5100000, 0x00000000e5200000|  0%| F|  |TAMS 0x00000000e5100000, 0x00000000e5100000| Untracked 
|  82|0x00000000e5200000, 0x00000000e5200000, 0x00000000e5300000|  0%| F|  |TAMS 0x00000000e5200000, 0x00000000e5200000| Untracked 
|  83|0x00000000e5300000, 0x00000000e5300000, 0x00000000e5400000|  0%| F|  |TAMS 0x00000000e5300000, 0x00000000e5300000| Untracked 
|  84|0x00000000e5400000, 0x00000000e5400000, 0x00000000e5500000|  0%| F|  |TAMS 0x00000000e5400000, 0x00000000e5400000| Untracked 
|  85|0x00000000e5500000, 0x00000000e5500000, 0x00000000e5600000|  0%| F|  |TAMS 0x00000000e5500000, 0x00000000e5500000| Untracked 
|  86|0x00000000e5600000, 0x00000000e5600000, 0x00000000e5700000|  0%| F|  |TAMS 0x00000000e5600000, 0x00000000e5600000| Untracked 
|  87|0x00000000e5700000, 0x00000000e5700000, 0x00000000e5800000|  0%| F|  |TAMS 0x00000000e5700000, 0x00000000e5700000| Untracked 
|  88|0x00000000e5800000, 0x00000000e5800000, 0x00000000e5900000|  0%| F|  |TAMS 0x00000000e5800000, 0x00000000e5800000| Untracked 
|  89|0x00000000e5900000, 0x00000000e5900000, 0x00000000e5a00000|  0%| F|  |TAMS 0x00000000e5900000, 0x00000000e5900000| Untracked 
|  90|0x00000000e5a00000, 0x00000000e5a00000, 0x00000000e5b00000|  0%| F|  |TAMS 0x00000000e5a00000, 0x00000000e5a00000| Untracked 
|  91|0x00000000e5b00000, 0x00000000e5b00000, 0x00000000e5c00000|  0%| F|  |TAMS 0x00000000e5b00000, 0x00000000e5b00000| Untracked 
|  92|0x00000000e5c00000, 0x00000000e5c00000, 0x00000000e5d00000|  0%| F|  |TAMS 0x00000000e5c00000, 0x00000000e5c00000| Untracked 
|  93|0x00000000e5d00000, 0x00000000e5d00000, 0x00000000e5e00000|  0%| F|  |TAMS 0x00000000e5d00000, 0x00000000e5d00000| Untracked 
|  94|0x00000000e5e00000, 0x00000000e5e00000, 0x00000000e5f00000|  0%| F|  |TAMS 0x00000000e5e00000, 0x00000000e5e00000| Untracked 
|  95|0x00000000e5f00000, 0x00000000e5f00000, 0x00000000e6000000|  0%| F|  |TAMS 0x00000000e5f00000, 0x00000000e5f00000| Untracked 
|  96|0x00000000e6000000, 0x00000000e6000000, 0x00000000e6100000|  0%| F|  |TAMS 0x00000000e6000000, 0x00000000e6000000| Untracked 
|  97|0x00000000e6100000, 0x00000000e6100000, 0x00000000e6200000|  0%| F|  |TAMS 0x00000000e6100000, 0x00000000e6100000| Untracked 
|  98|0x00000000e6200000, 0x00000000e6200000, 0x00000000e6300000|  0%| F|  |TAMS 0x00000000e6200000, 0x00000000e6200000| Untracked 
|  99|0x00000000e6300000, 0x00000000e6300000, 0x00000000e6400000|  0%| F|  |TAMS 0x00000000e6300000, 0x00000000e6300000| Untracked 
| 100|0x00000000e6400000, 0x00000000e6400000, 0x00000000e6500000|  0%| F|  |TAMS 0x00000000e6400000, 0x00000000e6400000| Untracked 
| 101|0x00000000e6500000, 0x00000000e6500000, 0x00000000e6600000|  0%| F|  |TAMS 0x00000000e6500000, 0x00000000e6500000| Untracked 
| 102|0x00000000e6600000, 0x00000000e6600000, 0x00000000e6700000|  0%| F|  |TAMS 0x00000000e6600000, 0x00000000e6600000| Untracked 
| 103|0x00000000e6700000, 0x00000000e6700000, 0x00000000e6800000|  0%| F|  |TAMS 0x00000000e6700000, 0x00000000e6700000| Untracked 
| 104|0x00000000e6800000, 0x00000000e6800000, 0x00000000e6900000|  0%| F|  |TAMS 0x00000000e6800000, 0x00000000e6800000| Untracked 
| 105|0x00000000e6900000, 0x00000000e6900000, 0x00000000e6a00000|  0%| F|  |TAMS 0x00000000e6900000, 0x00000000e6900000| Untracked 
| 106|0x00000000e6a00000, 0x00000000e6a00000, 0x00000000e6b00000|  0%| F|  |TAMS 0x00000000e6a00000, 0x00000000e6a00000| Untracked 
| 107|0x00000000e6b00000, 0x00000000e6b00000, 0x00000000e6c00000|  0%| F|  |TAMS 0x00000000e6b00000, 0x00000000e6b00000| Untracked 
| 108|0x00000000e6c00000, 0x00000000e6c00000, 0x00000000e6d00000|  0%| F|  |TAMS 0x00000000e6c00000, 0x00000000e6c00000| Untracked 
| 109|0x00000000e6d00000, 0x00000000e6d00000, 0x00000000e6e00000|  0%| F|  |TAMS 0x00000000e6d00000, 0x00000000e6d00000| Untracked 
| 110|0x00000000e6e00000, 0x00000000e6e00000, 0x00000000e6f00000|  0%| F|  |TAMS 0x00000000e6e00000, 0x00000000e6e00000| Untracked 
| 111|0x00000000e6f00000, 0x00000000e6f00000, 0x00000000e7000000|  0%| F|  |TAMS 0x00000000e6f00000, 0x00000000e6f00000| Untracked 
| 112|0x00000000e7000000, 0x00000000e7000000, 0x00000000e7100000|  0%| F|  |TAMS 0x00000000e7000000, 0x00000000e7000000| Untracked 
| 113|0x00000000e7100000, 0x00000000e7100000, 0x00000000e7200000|  0%| F|  |TAMS 0x00000000e7100000, 0x00000000e7100000| Untracked 
| 114|0x00000000e7200000, 0x00000000e7200000, 0x00000000e7300000|  0%| F|  |TAMS 0x00000000e7200000, 0x00000000e7200000| Untracked 
| 115|0x00000000e7300000, 0x00000000e7300000, 0x00000000e7400000|  0%| F|  |TAMS 0x00000000e7300000, 0x00000000e7300000| Untracked 
| 116|0x00000000e7400000, 0x00000000e7400000, 0x00000000e7500000|  0%| F|  |TAMS 0x00000000e7400000, 0x00000000e7400000| Untracked 
| 117|0x00000000e7500000, 0x00000000e7500000, 0x00000000e7600000|  0%| F|  |TAMS 0x00000000e7500000, 0x00000000e7500000| Untracked 
| 118|0x00000000e7600000, 0x00000000e7600000, 0x00000000e7700000|  0%| F|  |TAMS 0x00000000e7600000, 0x00000000e7600000| Untracked 
| 119|0x00000000e7700000, 0x00000000e7700000, 0x00000000e7800000|  0%| F|  |TAMS 0x00000000e7700000, 0x00000000e7700000| Untracked 
| 120|0x00000000e7800000, 0x00000000e7800000, 0x00000000e7900000|  0%| F|  |TAMS 0x00000000e7800000, 0x00000000e7800000| Untracked 
| 121|0x00000000e7900000, 0x00000000e7900000, 0x00000000e7a00000|  0%| F|  |TAMS 0x00000000e7900000, 0x00000000e7900000| Untracked 
| 122|0x00000000e7a00000, 0x00000000e7a00000, 0x00000000e7b00000|  0%| F|  |TAMS 0x00000000e7a00000, 0x00000000e7a00000| Untracked 
| 123|0x00000000e7b00000, 0x00000000e7b00000, 0x00000000e7c00000|  0%| F|  |TAMS 0x00000000e7b00000, 0x00000000e7b00000| Untracked 
| 124|0x00000000e7c00000, 0x00000000e7c00000, 0x00000000e7d00000|  0%| F|  |TAMS 0x00000000e7c00000, 0x00000000e7c00000| Untracked 
| 125|0x00000000e7d00000, 0x00000000e7d00000, 0x00000000e7e00000|  0%| F|  |TAMS 0x00000000e7d00000, 0x00000000e7d00000| Untracked 
| 126|0x00000000e7e00000, 0x00000000e7e00000, 0x00000000e7f00000|  0%| F|  |TAMS 0x00000000e7e00000, 0x00000000e7e00000| Untracked 
| 127|0x00000000e7f00000, 0x00000000e7f00000, 0x00000000e8000000|  0%| F|  |TAMS 0x00000000e7f00000, 0x00000000e7f00000| Untracked 
| 128|0x00000000e8000000, 0x00000000e8068fa0, 0x00000000e8100000| 41%| S|CS|TAMS 0x00000000e8000000, 0x00000000e8000000| Complete 
| 129|0x00000000e8100000, 0x00000000e8200000, 0x00000000e8200000|100%| S|CS|TAMS 0x00000000e8100000, 0x00000000e8100000| Complete 
| 130|0x00000000e8200000, 0x00000000e8300000, 0x00000000e8300000|100%| S|CS|TAMS 0x00000000e8200000, 0x00000000e8200000| Complete 
| 131|0x00000000e8300000, 0x00000000e8400000, 0x00000000e8400000|100%| S|CS|TAMS 0x00000000e8300000, 0x00000000e8300000| Complete 
| 132|0x00000000e8400000, 0x00000000e8400000, 0x00000000e8500000|  0%| F|  |TAMS 0x00000000e8400000, 0x00000000e8400000| Untracked 
| 133|0x00000000e8500000, 0x00000000e8500000, 0x00000000e8600000|  0%| F|  |TAMS 0x00000000e8500000, 0x00000000e8500000| Untracked 
| 134|0x00000000e8600000, 0x00000000e8600000, 0x00000000e8700000|  0%| F|  |TAMS 0x00000000e8600000, 0x00000000e8600000| Untracked 
| 135|0x00000000e8700000, 0x00000000e8700000, 0x00000000e8800000|  0%| F|  |TAMS 0x00000000e8700000, 0x00000000e8700000| Untracked 
| 136|0x00000000e8800000, 0x00000000e8800000, 0x00000000e8900000|  0%| F|  |TAMS 0x00000000e8800000, 0x00000000e8800000| Untracked 
| 137|0x00000000e8900000, 0x00000000e8900000, 0x00000000e8a00000|  0%| F|  |TAMS 0x00000000e8900000, 0x00000000e8900000| Untracked 
| 138|0x00000000e8a00000, 0x00000000e8a00000, 0x00000000e8b00000|  0%| F|  |TAMS 0x00000000e8a00000, 0x00000000e8a00000| Untracked 
| 139|0x00000000e8b00000, 0x00000000e8b00000, 0x00000000e8c00000|  0%| F|  |TAMS 0x00000000e8b00000, 0x00000000e8b00000| Untracked 
| 140|0x00000000e8c00000, 0x00000000e8c00000, 0x00000000e8d00000|  0%| F|  |TAMS 0x00000000e8c00000, 0x00000000e8c00000| Untracked 
| 141|0x00000000e8d00000, 0x00000000e8d00000, 0x00000000e8e00000|  0%| F|  |TAMS 0x00000000e8d00000, 0x00000000e8d00000| Untracked 
| 142|0x00000000e8e00000, 0x00000000e8e00000, 0x00000000e8f00000|  0%| F|  |TAMS 0x00000000e8e00000, 0x00000000e8e00000| Untracked 
| 143|0x00000000e8f00000, 0x00000000e8f00000, 0x00000000e9000000|  0%| F|  |TAMS 0x00000000e8f00000, 0x00000000e8f00000| Untracked 
| 144|0x00000000e9000000, 0x00000000e9000000, 0x00000000e9100000|  0%| F|  |TAMS 0x00000000e9000000, 0x00000000e9000000| Untracked 
| 145|0x00000000e9100000, 0x00000000e9164b30, 0x00000000e9200000| 39%| E|  |TAMS 0x00000000e9100000, 0x00000000e9100000| Complete 
| 146|0x00000000e9200000, 0x00000000e9300000, 0x00000000e9300000|100%| E|CS|TAMS 0x00000000e9200000, 0x00000000e9200000| Complete 
| 147|0x00000000e9300000, 0x00000000e9400000, 0x00000000e9400000|100%| E|CS|TAMS 0x00000000e9300000, 0x00000000e9300000| Complete 
| 148|0x00000000e9400000, 0x00000000e9500000, 0x00000000e9500000|100%| E|CS|TAMS 0x00000000e9400000, 0x00000000e9400000| Complete 
| 149|0x00000000e9500000, 0x00000000e9600000, 0x00000000e9600000|100%| E|CS|TAMS 0x00000000e9500000, 0x00000000e9500000| Complete 
| 150|0x00000000e9600000, 0x00000000e9700000, 0x00000000e9700000|100%| E|CS|TAMS 0x00000000e9600000, 0x00000000e9600000| Complete 
| 151|0x00000000e9700000, 0x00000000e9800000, 0x00000000e9800000|100%| E|CS|TAMS 0x00000000e9700000, 0x00000000e9700000| Complete 
| 152|0x00000000e9800000, 0x00000000e9900000, 0x00000000e9900000|100%| E|CS|TAMS 0x00000000e9800000, 0x00000000e9800000| Complete 
| 153|0x00000000e9900000, 0x00000000e9a00000, 0x00000000e9a00000|100%| E|CS|TAMS 0x00000000e9900000, 0x00000000e9900000| Complete 
| 154|0x00000000e9a00000, 0x00000000e9b00000, 0x00000000e9b00000|100%| E|CS|TAMS 0x00000000e9a00000, 0x00000000e9a00000| Complete 
| 155|0x00000000e9b00000, 0x00000000e9c00000, 0x00000000e9c00000|100%| E|CS|TAMS 0x00000000e9b00000, 0x00000000e9b00000| Complete 
| 156|0x00000000e9c00000, 0x00000000e9d00000, 0x00000000e9d00000|100%| E|CS|TAMS 0x00000000e9c00000, 0x00000000e9c00000| Complete 
| 157|0x00000000e9d00000, 0x00000000e9e00000, 0x00000000e9e00000|100%| E|CS|TAMS 0x00000000e9d00000, 0x00000000e9d00000| Complete 
| 158|0x00000000e9e00000, 0x00000000e9f00000, 0x00000000e9f00000|100%| E|CS|TAMS 0x00000000e9e00000, 0x00000000e9e00000| Complete 
| 159|0x00000000e9f00000, 0x00000000ea000000, 0x00000000ea000000|100%| E|CS|TAMS 0x00000000e9f00000, 0x00000000e9f00000| Complete 
| 160|0x00000000ea000000, 0x00000000ea100000, 0x00000000ea100000|100%| E|CS|TAMS 0x00000000ea000000, 0x00000000ea000000| Complete 
| 161|0x00000000ea100000, 0x00000000ea200000, 0x00000000ea200000|100%| E|CS|TAMS 0x00000000ea100000, 0x00000000ea100000| Complete 
| 162|0x00000000ea200000, 0x00000000ea300000, 0x00000000ea300000|100%| E|CS|TAMS 0x00000000ea200000, 0x00000000ea200000| Complete 
| 163|0x00000000ea300000, 0x00000000ea400000, 0x00000000ea400000|100%| E|CS|TAMS 0x00000000ea300000, 0x00000000ea300000| Complete 
| 164|0x00000000ea400000, 0x00000000ea500000, 0x00000000ea500000|100%| E|CS|TAMS 0x00000000ea400000, 0x00000000ea400000| Complete 
| 165|0x00000000ea500000, 0x00000000ea600000, 0x00000000ea600000|100%| E|CS|TAMS 0x00000000ea500000, 0x00000000ea500000| Complete 
| 166|0x00000000ea600000, 0x00000000ea700000, 0x00000000ea700000|100%| E|CS|TAMS 0x00000000ea600000, 0x00000000ea600000| Complete 
| 167|0x00000000ea700000, 0x00000000ea800000, 0x00000000ea800000|100%| E|CS|TAMS 0x00000000ea700000, 0x00000000ea700000| Complete 
| 168|0x00000000ea800000, 0x00000000ea900000, 0x00000000ea900000|100%| E|CS|TAMS 0x00000000ea800000, 0x00000000ea800000| Complete 
| 169|0x00000000ea900000, 0x00000000eaa00000, 0x00000000eaa00000|100%| E|CS|TAMS 0x00000000ea900000, 0x00000000ea900000| Complete 
| 170|0x00000000eaa00000, 0x00000000eab00000, 0x00000000eab00000|100%| E|CS|TAMS 0x00000000eaa00000, 0x00000000eaa00000| Complete 
| 171|0x00000000eab00000, 0x00000000eac00000, 0x00000000eac00000|100%| E|CS|TAMS 0x00000000eab00000, 0x00000000eab00000| Complete 
| 172|0x00000000eac00000, 0x00000000ead00000, 0x00000000ead00000|100%| E|CS|TAMS 0x00000000eac00000, 0x00000000eac00000| Complete 
| 173|0x00000000ead00000, 0x00000000eae00000, 0x00000000eae00000|100%| E|CS|TAMS 0x00000000ead00000, 0x00000000ead00000| Complete 
| 174|0x00000000eae00000, 0x00000000eaf00000, 0x00000000eaf00000|100%| E|CS|TAMS 0x00000000eae00000, 0x00000000eae00000| Complete 
| 175|0x00000000eaf00000, 0x00000000eb000000, 0x00000000eb000000|100%| E|CS|TAMS 0x00000000eaf00000, 0x00000000eaf00000| Complete 
| 176|0x00000000eb000000, 0x00000000eb100000, 0x00000000eb100000|100%| E|CS|TAMS 0x00000000eb000000, 0x00000000eb000000| Complete 
| 177|0x00000000eb100000, 0x00000000eb200000, 0x00000000eb200000|100%| E|CS|TAMS 0x00000000eb100000, 0x00000000eb100000| Complete 
| 178|0x00000000eb200000, 0x00000000eb300000, 0x00000000eb300000|100%| E|CS|TAMS 0x00000000eb200000, 0x00000000eb200000| Complete 
| 179|0x00000000eb300000, 0x00000000eb400000, 0x00000000eb400000|100%| E|CS|TAMS 0x00000000eb300000, 0x00000000eb300000| Complete 
| 180|0x00000000eb400000, 0x00000000eb500000, 0x00000000eb500000|100%| E|CS|TAMS 0x00000000eb400000, 0x00000000eb400000| Complete 
| 181|0x00000000eb500000, 0x00000000eb600000, 0x00000000eb600000|100%| E|CS|TAMS 0x00000000eb500000, 0x00000000eb500000| Complete 

Card table byte_map: [0x0000025044c80000,0x0000025044d80000] _byte_map_base: 0x0000025044580000

Marking Bits (Prev, Next): (CMBitMap*) 0x000002502d2a0b40, (CMBitMap*) 0x000002502d2a0b08
 Prev Bits: [0x0000025045680000, 0x0000025045e80000)
 Next Bits: [0x0000025044e80000, 0x0000025045680000)

Polling page: 0x000002502b210000

Metaspace:

Usage:
  Non-class:     27.57 MB capacity,    26.94 MB ( 98%) used,   526.73 KB (  2%) free+waste,   119.81 KB ( <1%) overhead. 
      Class:      4.21 MB capacity,     3.81 MB ( 91%) used,   347.78 KB (  8%) free+waste,    58.50 KB (  1%) overhead. 
       Both:     31.78 MB capacity,    30.75 MB ( 97%) used,   874.52 KB (  3%) free+waste,   178.31 KB ( <1%) overhead. 

Virtual space:
  Non-class space:       28.00 MB reserved,      27.75 MB (>99%) committed 
      Class space:        1.00 GB reserved,       4.25 MB ( <1%) committed 
             Both:        1.03 GB reserved,      32.00 MB (  3%) committed 

Chunk freelists:
   Non-Class:  51.00 KB
       Class:  10.00 KB
        Both:  61.00 KB

MaxMetaspaceSize: 17179869184.00 GB
CompressedClassSpaceSize: 1.00 GB
Initial GC threshold: 20.80 MB
Current GC threshold: 35.00 MB
CDS: off

CodeHeap 'non-profiled nmethods': size=120064Kb used=1145Kb max_used=1145Kb free=118918Kb
 bounds [0x000002503d530000, 0x000002503d7a0000, 0x0000025044a70000]
CodeHeap 'profiled nmethods': size=120000Kb used=5415Kb max_used=5415Kb free=114584Kb
 bounds [0x0000025036000000, 0x0000025036550000, 0x000002503d530000]
CodeHeap 'non-nmethods': size=5696Kb used=1206Kb max_used=1232Kb free=4489Kb
 bounds [0x0000025035a70000, 0x0000025035ce0000, 0x0000025036000000]
 total_blobs=3068 nmethods=2593 adapters=387
 compilation: enabled
              stopped_count=0, restarted_count=0
 full_count=0

Compilation events (20 events):
Event: 3.255 Thread 0x0000025048f41800 nmethod 2577 0x0000025036546610 code [0x00000250365467e0, 0x0000025036546a28]
Event: 3.255 Thread 0x0000025048f41800 2578       3       java.util.stream.Sink::end (1 bytes)
Event: 3.256 Thread 0x0000025048f41800 nmethod 2578 0x0000025036546b10 code [0x0000025036546cc0, 0x0000025036546db8]
Event: 3.256 Thread 0x0000025048f41800 2579       3       java.util.LinkedHashSet::<init> (10 bytes)
Event: 3.256 Thread 0x0000025048f41800 nmethod 2579 0x0000025036546e90 code [0x00000250365470a0, 0x00000250365474a8]
Event: 3.256 Thread 0x00000250493f0000 nmethod 2554 0x000002503d64a910 code [0x000002503d64aae0, 0x000002503d64b298]
Event: 3.256 Thread 0x00000250493f0000 2572       4       java.nio.MappedByteBuffer::limit (6 bytes)
Event: 3.257 Thread 0x0000025048f41800 2580       3       org.springframework.core.type.AnnotatedTypeMetadata::getAnnotationAttributes (9 bytes)
Event: 3.257 Thread 0x0000025048f41800 nmethod 2580 0x0000025036547690 code [0x0000025036547840, 0x0000025036547a08]
Event: 3.257 Thread 0x00000250493f0000 nmethod 2572 0x000002503d64b710 code [0x000002503d64b8a0, 0x000002503d64b998]
Event: 3.257 Thread 0x00000250493f0000 2569       4       java.nio.ByteBuffer::<init> (45 bytes)
Event: 3.259 Thread 0x00000250493f0000 nmethod 2569 0x000002503d64bb10 code [0x000002503d64bca0, 0x000002503d64be78]
Event: 3.259 Thread 0x00000250493f0000 2573       4       java.nio.MappedByteBuffer::limit (6 bytes)
Event: 3.259 Thread 0x0000025048f41800 2581       3       org.springframework.core.io.DefaultResourceLoader::getClassLoader (18 bytes)
Event: 3.260 Thread 0x00000250493f0000 nmethod 2573 0x000002503d64bf90 code [0x000002503d64c120, 0x000002503d64c218]
Event: 3.260 Thread 0x0000025048f41800 nmethod 2581 0x0000025036547a90 code [0x0000025036547c40, 0x0000025036547dc8]
Event: 3.260 Thread 0x00000250493f0000 2582       4       java.util.concurrent.ConcurrentHashMap$ValueIterator::next (34 bytes)
Event: 3.262 Thread 0x0000025048f41800 2583       3       java.lang.String::replace (149 bytes)
Event: 3.263 Thread 0x0000025048f41800 nmethod 2583 0x0000025036547e90 code [0x00000250365481e0, 0x0000025036549468]
Event: 3.263 Thread 0x0000025048f41800 2584       3       org.springframework.asm.ClassReader::accept (1401 bytes)

GC Heap History (8 events):
Event: 1.316 GC heap before
{Heap before GC invocations=0 (full 0):
 garbage-first heap   total 186368K, used 22528K [0x00000000e0000000, 0x0000000100000000)
  region size 1024K, 22 young (22528K), 0 survivors (0K)
 Metaspace       used 13066K, capacity 13334K, committed 13568K, reserved 1060864K
  class space    used 1357K, capacity 1451K, committed 1536K, reserved 1048576K
}
Event: 1.322 GC heap after
{Heap after GC invocations=1 (full 0):
 garbage-first heap   total 186368K, used 9244K [0x00000000e0000000, 0x0000000100000000)
  region size 1024K, 3 young (3072K), 3 survivors (3072K)
 Metaspace       used 13066K, capacity 13334K, committed 13568K, reserved 1060864K
  class space    used 1357K, capacity 1451K, committed 1536K, reserved 1048576K
}
Event: 1.634 GC heap before
{Heap before GC invocations=1 (full 0):
 garbage-first heap   total 186368K, used 26652K [0x00000000e0000000, 0x0000000100000000)
  region size 1024K, 20 young (20480K), 3 survivors (3072K)
 Metaspace       used 15532K, capacity 16141K, committed 16256K, reserved 1062912K
  class space    used 1716K, capacity 1901K, committed 1920K, reserved 1048576K
}
Event: 1.637 GC heap after
{Heap after GC invocations=2 (full 0):
 garbage-first heap   total 186368K, used 10052K [0x00000000e0000000, 0x0000000100000000)
  region size 1024K, 1 young (1024K), 1 survivors (1024K)
 Metaspace       used 15532K, capacity 16141K, committed 16256K, reserved 1062912K
  class space    used 1716K, capacity 1901K, committed 1920K, reserved 1048576K
}
Event: 2.172 GC heap before
{Heap before GC invocations=2 (full 0):
 garbage-first heap   total 186368K, used 39748K [0x00000000e0000000, 0x0000000100000000)
  region size 1024K, 31 young (31744K), 1 survivors (1024K)
 Metaspace       used 20517K, capacity 21218K, committed 21248K, reserved 1069056K
  class space    used 2299K, capacity 2553K, committed 2560K, reserved 1048576K
}
Event: 2.175 GC heap after
{Heap after GC invocations=3 (full 0):
 garbage-first heap   total 186368K, used 11004K [0x00000000e0000000, 0x0000000100000000)
  region size 1024K, 2 young (2048K), 2 survivors (2048K)
 Metaspace       used 20517K, capacity 21218K, committed 21248K, reserved 1069056K
  class space    used 2299K, capacity 2553K, committed 2560K, reserved 1048576K
}
Event: 2.916 GC heap before
{Heap before GC invocations=4 (full 0):
 garbage-first heap   total 186368K, used 60156K [0x00000000e0000000, 0x0000000100000000)
  region size 1024K, 50 young (51200K), 2 survivors (2048K)
 Metaspace       used 27823K, capacity 28761K, committed 28800K, reserved 1075200K
  class space    used 3346K, capacity 3709K, committed 3712K, reserved 1048576K
}
Event: 2.920 GC heap after
{Heap after GC invocations=5 (full 0):
 garbage-first heap   total 186368K, used 12751K [0x00000000e0000000, 0x0000000100000000)
  region size 1024K, 4 young (4096K), 4 survivors (4096K)
 Metaspace       used 27823K, capacity 28761K, committed 28800K, reserved 1075200K
  class space    used 3346K, capacity 3709K, committed 3712K, reserved 1048576K
}

Deoptimization events (20 events):
Event: 2.533 Thread 0x000002502d277000 Uncommon trap: trap_request=0xffffff4d fr.pc=0x000002503d57f1bc relative=0x000000000000045c
Event: 2.533 Thread 0x000002502d277000 Uncommon trap: reason=unstable_if action=reinterpret pc=0x000002503d57f1bc method=java.util.HashMap.hash(Ljava/lang/Object;)I @ 1 c2
Event: 2.533 Thread 0x000002502d277000 DEOPT PACKING pc=0x000002503d57f1bc sp=0x000000a25fffaae0
Event: 2.533 Thread 0x000002502d277000 DEOPT UNPACKING pc=0x0000025035aba1af sp=0x000000a25fffaa28 mode 2
Event: 2.764 Thread 0x000002502d277000 Uncommon trap: trap_request=0xffffff4d fr.pc=0x000002503d5d074c relative=0x000000000000128c
Event: 2.764 Thread 0x000002502d277000 Uncommon trap: reason=unstable_if action=reinterpret pc=0x000002503d5d074c method=java.net.URL.<init>(Ljava/net/URL;Ljava/lang/String;Ljava/net/URLStreamHandler;)V @ 347 c2
Event: 2.764 Thread 0x000002502d277000 DEOPT PACKING pc=0x000002503d5d074c sp=0x000000a25fffb870
Event: 2.764 Thread 0x000002502d277000 DEOPT UNPACKING pc=0x0000025035aba1af sp=0x000000a25fffb800 mode 2
Event: 3.004 Thread 0x000002502d277000 Uncommon trap: trap_request=0xffffff4d fr.pc=0x000002503d579d80 relative=0x0000000000000240
Event: 3.004 Thread 0x000002502d277000 Uncommon trap: reason=unstable_if action=reinterpret pc=0x000002503d579d80 method=java.util.concurrent.ConcurrentHashMap.get(Ljava/lang/Object;)Ljava/lang/Object; @ 76 c2
Event: 3.004 Thread 0x000002502d277000 DEOPT PACKING pc=0x000002503d579d80 sp=0x000000a25fff83e0
Event: 3.004 Thread 0x000002502d277000 DEOPT UNPACKING pc=0x0000025035aba1af sp=0x000000a25fff8358 mode 2
Event: 3.223 Thread 0x000002502d277000 Uncommon trap: trap_request=0xffffff4d fr.pc=0x000002503d643cdc relative=0x000000000000059c
Event: 3.223 Thread 0x000002502d277000 Uncommon trap: reason=unstable_if action=reinterpret pc=0x000002503d643cdc method=org.springframework.asm.ClassReader.readUtf(II[C)Ljava/lang/String; @ 41 c2
Event: 3.223 Thread 0x000002502d277000 DEOPT PACKING pc=0x000002503d643cdc sp=0x000000a25fffad20
Event: 3.223 Thread 0x000002502d277000 DEOPT UNPACKING pc=0x0000025035aba1af sp=0x000000a25fffacc8 mode 2
Event: 3.223 Thread 0x000002502d277000 Uncommon trap: trap_request=0xffffff4d fr.pc=0x000002503d5e7be0 relative=0x00000000000003a0
Event: 3.223 Thread 0x000002502d277000 Uncommon trap: reason=unstable_if action=reinterpret pc=0x000002503d5e7be0 method=java.lang.String.<init>([CIILjava/lang/Void;)V @ 43 c2
Event: 3.223 Thread 0x000002502d277000 DEOPT PACKING pc=0x000002503d5e7be0 sp=0x000000a25fffabc0
Event: 3.223 Thread 0x000002502d277000 DEOPT UNPACKING pc=0x0000025035aba1af sp=0x000000a25fffab80 mode 2

Classes redefined (0 events):
No events

Internal exceptions (20 events):
Event: 2.600 Thread 0x000002502d277000 Exception <a 'java/lang/NoSuchMethodError'{0x00000000e9f5ae00}: 'java.lang.Object java.lang.invoke.Invokers$Holder.linkToTargetMethod(java.lang.Object, java.lang.Object, int, java.lang.Object, java.lang.Object)'> (0x00000000e9f5ae00) thrown at [./src/hotspot/share/interpreter/linkResolver.cpp, line 773]
Event: 2.601 Thread 0x000002502d277000 Exception <a 'java/lang/NoSuchMethodError'{0x00000000e9f65e60}: 'int java.lang.invoke.DirectMethodHandle$Holder.invokeStatic(java.lang.Object, int, java.lang.Object, java.lang.Object)'> (0x00000000e9f65e60) thrown at [./src/hotspot/share/interpreter/linkResolver.cpp, line 773]
Event: 2.602 Thread 0x000002502d277000 Exception <a 'java/lang/NoSuchMethodError'{0x00000000e9f6d768}: 'java.lang.Object java.lang.invoke.DirectMethodHandle$Holder.invokeStatic(java.lang.Object, int, java.lang.Object)'> (0x00000000e9f6d768) thrown at [./src/hotspot/share/interpreter/linkResolver.cpp, line 773]
Event: 2.636 Thread 0x000002502d277000 Exception <a 'java/lang/NoSuchMethodError'{0x00000000e9d2d340}: 'void java.lang.invoke.DirectMethodHandle$Holder.invokeStaticInit(java.lang.Object, java.lang.Object)'> (0x00000000e9d2d340) thrown at [./src/hotspot/share/interpreter/linkResolver.cpp, line 773]
Event: 2.758 Thread 0x000002502d277000 Exception <a 'java/lang/IncompatibleClassChangeError'{0x00000000e976bb78}: Found class java.lang.Object, but interface was expected> (0x00000000e976bb78) thrown at [./src/hotspot/share/interpreter/linkResolver.cpp, line 839]
Event: 2.997 Thread 0x000002502d277000 Exception <a 'java/lang/ClassNotFoundException'{0x00000000eae10090}: java/lang/ObjectCustomizer> (0x00000000eae10090) thrown at [./src/hotspot/share/classfile/systemDictionary.cpp, line 233]
Event: 3.007 Thread 0x000002502d277000 Exception <a 'java/lang/ClassNotFoundException'{0x00000000eae486c0}: org/springframework/context/annotation/ConfigurationClassPostProcessorCustomizer> (0x00000000eae486c0) thrown at [./src/hotspot/share/classfile/systemDictionary.cpp, line 233]
Event: 3.009 Thread 0x000002502d277000 Exception <a 'java/lang/ClassNotFoundException'{0x00000000eae76a40}: org/springframework/beans/factory/support/BeanDefinitionRegistryPostProcessorCustomizer> (0x00000000eae76a40) thrown at [./src/hotspot/share/classfile/systemDictionary.cpp, line 233]
Event: 3.010 Thread 0x000002502d277000 Exception <a 'java/lang/ClassNotFoundException'{0x00000000ead77e88}: org/springframework/beans/factory/config/BeanFactoryPostProcessorCustomizer> (0x00000000ead77e88) thrown at [./src/hotspot/share/classfile/systemDictionary.cpp, line 233]
Event: 3.011 Thread 0x000002502d277000 Exception <a 'java/lang/ClassNotFoundException'{0x00000000ead8f4c8}: org/springframework/core/PriorityOrderedCustomizer> (0x00000000ead8f4c8) thrown at [./src/hotspot/share/classfile/systemDictionary.cpp, line 233]
Event: 3.013 Thread 0x000002502d277000 Exception <a 'java/lang/ClassNotFoundException'{0x00000000eada4220}: org/springframework/core/OrderedCustomizer> (0x00000000eada4220) thrown at [./src/hotspot/share/classfile/systemDictionary.cpp, line 233]
Event: 3.015 Thread 0x000002502d277000 Exception <a 'java/lang/ClassNotFoundException'{0x00000000eadbc7c0}: org/springframework/context/ResourceLoaderAwareCustomizer> (0x00000000eadbc7c0) thrown at [./src/hotspot/share/classfile/systemDictionary.cpp, line 233]
Event: 3.016 Thread 0x000002502d277000 Exception <a 'java/lang/ClassNotFoundException'{0x00000000eadd3838}: org/springframework/beans/factory/AwareCustomizer> (0x00000000eadd3838) thrown at [./src/hotspot/share/classfile/systemDictionary.cpp, line 233]
Event: 3.017 Thread 0x000002502d277000 Exception <a 'java/lang/ClassNotFoundException'{0x00000000eac6b558}: org/springframework/context/ApplicationStartupAwareCustomizer> (0x00000000eac6b558) thrown at [./src/hotspot/share/classfile/systemDictionary.cpp, line 233]
Event: 3.018 Thread 0x000002502d277000 Exception <a 'java/lang/ClassNotFoundException'{0x00000000eac82848}: org/springframework/beans/factory/AwareCustomizer> (0x00000000eac82848) thrown at [./src/hotspot/share/classfile/systemDictionary.cpp, line 233]
Event: 3.019 Thread 0x000002502d277000 Exception <a 'java/lang/ClassNotFoundException'{0x00000000eac9b5a0}: org/springframework/beans/factory/BeanClassLoaderAwareCustomizer> (0x00000000eac9b5a0) thrown at [./src/hotspot/share/classfile/systemDictionary.cpp, line 233]
Event: 3.021 Thread 0x000002502d277000 Exception <a 'java/lang/ClassNotFoundException'{0x00000000eacb2630}: org/springframework/beans/factory/AwareCustomizer> (0x00000000eacb2630) thrown at [./src/hotspot/share/classfile/systemDictionary.cpp, line 233]
Event: 3.023 Thread 0x000002502d277000 Exception <a 'java/lang/ClassNotFoundException'{0x00000000eacc98f8}: org/springframework/context/EnvironmentAwareCustomizer> (0x00000000eacc98f8) thrown at [./src/hotspot/share/classfile/systemDictionary.cpp, line 233]
Event: 3.024 Thread 0x000002502d277000 Exception <a 'java/lang/ClassNotFoundException'{0x00000000eace0900}: org/springframework/beans/factory/AwareCustomizer> (0x00000000eace0900) thrown at [./src/hotspot/share/classfile/systemDictionary.cpp, line 233]
Event: 3.206 Thread 0x000002502d277000 Exception <a 'java/lang/NoSuchMethodError'{0x00000000e9b59a68}: 'int java.lang.invoke.DirectMethodHandle$Holder.invokeVirtual(java.lang.Object, java.lang.Object, java.lang.Object)'> (0x00000000e9b59a68) thrown at [./src/hotspot/share/interpreter/linkResolver.cpp, line 773]

Events (20 events):
Event: 3.257 Executing VM operation: RevokeBias done
Event: 3.257 loading class org/springframework/http/converter/FormHttpMessageConverter
Event: 3.257 loading class org/springframework/http/converter/FormHttpMessageConverter done
Event: 3.258 loading class org/springframework/http/converter/HttpMessageConverter
Event: 3.258 loading class org/springframework/http/converter/HttpMessageConverter done
Event: 3.260 loading class org/springframework/http/HttpOutputMessage
Event: 3.260 loading class org/springframework/http/HttpOutputMessage done
Event: 3.260 loading class org/springframework/http/HttpMessage
Event: 3.260 loading class org/springframework/http/HttpMessage done
Event: 3.261 loading class org/springframework/http/converter/HttpMessageNotWritableException
Event: 3.261 loading class org/springframework/http/converter/HttpMessageNotWritableException done
Event: 3.261 loading class org/springframework/http/converter/HttpMessageConversionException
Event: 3.261 loading class org/springframework/http/converter/HttpMessageConversionException done
Event: 3.262 loading class org/springframework/http/MediaType
Event: 3.262 loading class org/springframework/http/MediaType done
Event: 3.263 loading class org/springframework/util/MimeType
Event: 3.263 loading class org/springframework/util/MimeType done
Event: 3.263 Executing VM operation: RevokeBias
Event: 3.263 Executing VM operation: RevokeBias done
Event: 3.263 Executing VM operation: RevokeBias


Dynamic libraries:
0x00007ff686f00000 - 0x00007ff686f0d000 	C:\Program Files\Zulu\zulu-11\bin\java.exe
0x00007ff9b08d0000 - 0x00007ff9b0ae4000 	C:\WINDOWS\SYSTEM32\ntdll.dll
0x00007ff9af730000 - 0x00007ff9af7f3000 	C:\WINDOWS\System32\KERNEL32.DLL
0x00007ff9ae340000 - 0x00007ff9ae6dc000 	C:\WINDOWS\System32\KERNELBASE.dll
0x00007ff9adef0000 - 0x00007ff9ae001000 	C:\WINDOWS\System32\ucrtbase.dll
0x00007ff99ec60000 - 0x00007ff99ec77000 	C:\Program Files\Zulu\zulu-11\bin\jli.dll
0x00007ff99e170000 - 0x00007ff99e185000 	C:\Program Files\Zulu\zulu-11\bin\VCRUNTIME140.dll
0x00007ff9af100000 - 0x00007ff9af2ad000 	C:\WINDOWS\System32\USER32.dll
0x00007ff9ae1f0000 - 0x00007ff9ae216000 	C:\WINDOWS\System32\win32u.dll
0x00007ff9b0570000 - 0x00007ff9b0599000 	C:\WINDOWS\System32\GDI32.dll
0x00007ff9ae010000 - 0x00007ff9ae122000 	C:\WINDOWS\System32\gdi32full.dll
0x00007ff9ae2a0000 - 0x00007ff9ae33a000 	C:\WINDOWS\System32\msvcp_win.dll
0x00007ff993a50000 - 0x00007ff993cde000 	C:\WINDOWS\WinSxS\amd64_microsoft.windows.common-controls_6595b64144ccf1df_6.0.22621.608_none_a9444ca7c10bb01d\COMCTL32.dll
0x00007ff9ae890000 - 0x00007ff9ae937000 	C:\WINDOWS\System32\msvcrt.dll
0x00007ff9af2b0000 - 0x00007ff9af2e2000 	C:\WINDOWS\System32\IMM32.DLL
0x00007ff981290000 - 0x00007ff98132b000 	C:\Program Files\Zulu\zulu-11\bin\msvcp140.dll
0x00007ff9592c0000 - 0x00007ff959e54000 	C:\Program Files\Zulu\zulu-11\bin\server\jvm.dll
0x00007ff9aea60000 - 0x00007ff9aeb0e000 	C:\WINDOWS\System32\ADVAPI32.dll
0x00007ff9aef90000 - 0x00007ff9af034000 	C:\WINDOWS\System32\sechost.dll
0x00007ff9ae940000 - 0x00007ff9aea55000 	C:\WINDOWS\System32\RPCRT4.dll
0x00007ff9ae860000 - 0x00007ff9ae868000 	C:\WINDOWS\System32\PSAPI.DLL
0x00007ff9a4a90000 - 0x00007ff9a4a99000 	C:\WINDOWS\SYSTEM32\WSOCK32.dll
0x00007ff9a6820000 - 0x00007ff9a682a000 	C:\WINDOWS\SYSTEM32\VERSION.dll
0x00007ff9af310000 - 0x00007ff9af381000 	C:\WINDOWS\System32\WS2_32.dll
0x00007ff9a6fd0000 - 0x00007ff9a7004000 	C:\WINDOWS\SYSTEM32\WINMM.dll
0x00007ff9acd20000 - 0x00007ff9acd38000 	C:\WINDOWS\SYSTEM32\kernel.appcore.dll
0x00007ff9a4980000 - 0x00007ff9a4990000 	C:\Program Files\Zulu\zulu-11\bin\verify.dll
0x00007ff9ab7a0000 - 0x00007ff9ab9ce000 	C:\WINDOWS\SYSTEM32\DBGHELP.DLL
0x00007ff9af390000 - 0x00007ff9af71a000 	C:\WINDOWS\System32\combase.dll
0x00007ff9b0760000 - 0x00007ff9b0837000 	C:\WINDOWS\System32\OLEAUT32.dll
0x00007ff99d510000 - 0x00007ff99d542000 	C:\WINDOWS\SYSTEM32\dbgcore.DLL
0x00007ff9ae220000 - 0x00007ff9ae29b000 	C:\WINDOWS\System32\bcryptPrimitives.dll
0x00007ff99e090000 - 0x00007ff99e0b8000 	C:\Program Files\Zulu\zulu-11\bin\java.dll
0x00007ff9a4950000 - 0x00007ff9a495a000 	C:\Program Files\Zulu\zulu-11\bin\jimage.dll
0x00007ff99d250000 - 0x00007ff99d268000 	C:\Program Files\Zulu\zulu-11\bin\zip.dll
0x00007ff9afd80000 - 0x00007ff9b056f000 	C:\WINDOWS\System32\SHELL32.dll
0x00007ff9abce0000 - 0x00007ff9ac5a8000 	C:\WINDOWS\SYSTEM32\windows.storage.dll
0x00007ff9abba0000 - 0x00007ff9abcde000 	C:\WINDOWS\SYSTEM32\wintypes.dll
0x00007ff9afae0000 - 0x00007ff9afbd1000 	C:\WINDOWS\System32\SHCORE.dll
0x00007ff9af0a0000 - 0x00007ff9af0fe000 	C:\WINDOWS\System32\shlwapi.dll
0x00007ff9adc40000 - 0x00007ff9adc61000 	C:\WINDOWS\SYSTEM32\profapi.dll
0x00007ff99db20000 - 0x00007ff99db39000 	C:\Program Files\Zulu\zulu-11\bin\net.dll
0x00007ff9a6c60000 - 0x00007ff9a6d8f000 	C:\WINDOWS\SYSTEM32\WINHTTP.dll
0x00007ff9ad180000 - 0x00007ff9ad1e9000 	C:\WINDOWS\system32\mswsock.dll
0x00007ff99d080000 - 0x00007ff99d093000 	C:\Program Files\Zulu\zulu-11\bin\nio.dll
0x00007ff9ad4a0000 - 0x00007ff9ad4bb000 	C:\WINDOWS\SYSTEM32\CRYPTSP.dll
0x00007ff9acc90000 - 0x00007ff9accc5000 	C:\WINDOWS\system32\rsaenh.dll
0x00007ff9ad220000 - 0x00007ff9ad248000 	C:\WINDOWS\SYSTEM32\USERENV.dll
0x00007ff9ad5e0000 - 0x00007ff9ad608000 	C:\WINDOWS\SYSTEM32\bcrypt.dll
0x00007ff9ad480000 - 0x00007ff9ad48c000 	C:\WINDOWS\SYSTEM32\CRYPTBASE.dll
0x00007ff9ac800000 - 0x00007ff9ac82d000 	C:\WINDOWS\SYSTEM32\IPHLPAPI.DLL
0x00007ff9ae880000 - 0x00007ff9ae889000 	C:\WINDOWS\System32\NSI.dll
0x00007ff9a6830000 - 0x00007ff9a6849000 	C:\WINDOWS\SYSTEM32\dhcpcsvc6.DLL
0x00007ff9a6740000 - 0x00007ff9a675f000 	C:\WINDOWS\SYSTEM32\dhcpcsvc.DLL
0x00007ff9ac8c0000 - 0x00007ff9ac9b3000 	C:\WINDOWS\SYSTEM32\DNSAPI.dll
0x00007ff9aab90000 - 0x00007ff9aab99000 	C:\Program Files\Zulu\zulu-11\bin\management.dll
0x00007ff9a4e60000 - 0x00007ff9a4e6b000 	C:\Program Files\Zulu\zulu-11\bin\management_ext.dll
0x00007ff98fa00000 - 0x00007ff98fa17000 	C:\WINDOWS\system32\napinsp.dll
0x00007ff98f9e0000 - 0x00007ff98f9fb000 	C:\WINDOWS\system32\pnrpnsp.dll
0x00007ff98fa40000 - 0x00007ff98fa51000 	C:\WINDOWS\System32\winrnr.dll
0x00007ff9a7310000 - 0x00007ff9a7325000 	C:\WINDOWS\system32\wshbth.dll
0x00007ff98f9b0000 - 0x00007ff98f9d1000 	C:\WINDOWS\system32\nlansp_c.dll
0x00007ff9a4d90000 - 0x00007ff9a4d9a000 	C:\Windows\System32\rasadhlp.dll
0x00007ff9a4d00000 - 0x00007ff9a4d83000 	C:\WINDOWS\System32\fwpuclnt.dll

dbghelp: loaded successfully - version: 4.0.5 - missing functions: none
symbol engine: initialized successfully - sym options: 0x614 - pdb path: .;C:\Program Files\Zulu\zulu-11\bin;C:\WINDOWS\SYSTEM32;C:\WINDOWS\WinSxS\amd64_microsoft.windows.common-controls_6595b64144ccf1df_6.0.22621.608_none_a9444ca7c10bb01d;C:\Program Files\Zulu\zulu-11\bin\server

VM Arguments:
jvm_args: -Dorg.gradle.internal.worker.tmpdir=C:\Users\yj\seb42_main_016\udog_server\build\tmp\test\work -Dorg.gradle.native=false -Xmx512m -Dfile.encoding=x-windows-949 -Duser.country=KR -Duser.language=ko -Duser.variant -ea 
java_command: worker.org.gradle.process.internal.worker.GradleWorkerMain 'Gradle Test Executor 1'
java_class_path (initial): C:\\Users\\yj\\.gradle\\caches\\7.6.1\\workerMain\\gradle-worker.jar;C:\\Users\\yj\\seb42_main_016\\udog_server\\build\\classes\\java\\test;C:\\Users\\yj\\seb42_main_016\\udog_server\\build\\resources\\test;C:\\Users\\yj\\seb42_main_016\\udog_server\\build\\classes\\java\\main;C:\\Users\\yj\\seb42_main_016\\udog_server\\build\\resources\\main;C:\\Users\\yj\\.gradle\\caches\\modules-2\\files-2.1\\org.springframework.boot\\spring-boot-starter-validation\\2.7.9\\7cfc9801c13eefd3d20499c2371d921eb11c328\\spring-boot-starter-validation-2.7.9.jar;C:\\Users\\yj\\.gradle\\caches\\modules-2\\files-2.1\\org.springframework.boot\\spring-boot-starter-web\\2.7.9\\e745a069e2b7ca51e378fcbc397d14dd82178199\\spring-boot-starter-web-2.7.9.jar;C:\\Users\\yj\\.gradle\\caches\\modules-2\\files-2.1\\org.springframework.boot\\spring-boot-starter-mail\\2.7.9\\56d67612804aff9f67251bb2e17d2dc17acb156c\\spring-boot-starter-mail-2.7.9.jar;C:\\Users\\yj\\.gradle\\caches\\modules-2\\files-2.1\\org.springframework.boot\\spring-boot-starter-security\\2.7.9\\ca8e422a56493e99a7c8c9d56d92091256d9fed7\\spring-boot-starter-security-2.7.9.jar;C:\\Users\\yj\\.gradle\\caches\\modules-2\\files-2.1\\org.springframework.boot\\spring-boot-starter-test\\2.7.9\\45bfc2fc9537a082aabb8cbca99c05e937033fab\\spring-boot-starter-test-2.7.9.jar;C:\\Users\\yj\\.gradle\\caches\\modules-2\\files-2.1\\org.springframework.boot\\spring-boot-starter-data-jpa\\2.7.9\\5af4a206fd4eaac881b7d96ca1ef19b2111a355c\\spring-boot-starter-data-jpa-2.7.9.jar;C:\\Users\\yj\\.gradle\\caches\\modules-2\\files-2.1\\org.springframework.boot\\spring-boot-starter-aop\\2.7.9\\9bd6ddd1f956f44dc954ec6915123998c3afe7ce\\spring-boot-starter-aop-2.7.9.jar;C:\\Users\\yj\\.gradle\\caches\\modules-2\\files-2.1\\org.springframework.boot\\spring-boot-starter-jdbc\\2.7.9\\e09f4ac40a09826c3eff01369d5b56e2abcea9c9\\spring-boot-starter-jdbc-2.7.9.jar;C:\\Users\\yj\\.gradle\\caches\\modules-2\\files-2.1\\org.springframework.boot\\spr
Launcher Type: SUN_STANDARD

[Global flags]
     intx CICompilerCount                          = 3                                         {product} {ergonomic}
     uint ConcGCThreads                            = 2                                         {product} {ergonomic}
     uint G1ConcRefinementThreads                  = 6                                         {product} {ergonomic}
   size_t G1HeapRegionSize                         = 1048576                                   {product} {ergonomic}
    uintx GCDrainStackTargetSize                   = 64                                        {product} {ergonomic}
   size_t InitialHeapSize                          = 190840832                                 {product} {ergonomic}
   size_t MarkStackSize                            = 4194304                                   {product} {ergonomic}
   size_t MaxHeapSize                              = 536870912                                 {product} {command line}
   size_t MaxNewSize                               = 321912832                                 {product} {ergonomic}
   size_t MinHeapDeltaBytes                        = 1048576                                   {product} {ergonomic}
    uintx NonNMethodCodeHeapSize                   = 5830732                                {pd product} {ergonomic}
    uintx NonProfiledCodeHeapSize                  = 122913754                              {pd product} {ergonomic}
    uintx ProfiledCodeHeapSize                     = 122913754                              {pd product} {ergonomic}
    uintx ReservedCodeCacheSize                    = 251658240                              {pd product} {ergonomic}
     bool SegmentedCodeCache                       = true                                      {product} {ergonomic}
     bool UseCompressedClassPointers               = true                                 {lp64_product} {ergonomic}
     bool UseCompressedOops                        = true                                 {lp64_product} {ergonomic}
     bool UseG1GC                                  = true                                      {product} {ergonomic}
     bool UseLargePagesIndividualAllocation        = false                                  {pd product} {ergonomic}

Logging:
Log output configuration:
 #0: stdout all=warning uptime,level,tags
 #1: stderr all=off uptime,level,tags

Environment Variables:
JAVA_HOME=C:\Program Files\Zulu\zulu-11
JRE_HOME=C:\Program Files\Zulu\zulu-11-jre
CLASSPATH=C:\Program Files\Zulu\zulu-11\lib
PATH=C:\Program Files\Zulu\zulu-11-jre\bin\;C:\Program Files\Zulu\zulu-11\bin\;C:\Program Files (x86)\NAT Service;C:\WINDOWS\system32;C:\WINDOWS;C:\WINDOWS\System32\Wbem;C:\WINDOWS\System32\WindowsPowerShell\v1.0\;C:\WINDOWS\System32\OpenSSH\;C:\Program Files\Zulu\zulu-11\bin;C:\Program Files\Git\cmd;C:\Program Files\Docker\Docker\resources\bin;C:\Program Files\MySQL\MySQL Shell 8.0\bin\;C:\Users\yj\AppData\Local\Programs\Microsoft VS Code\bin;C:\Users\yj\AppData\Local\Programs\Python\Python38\;C:\Users\yj\AppData\Local\Microsoft\WindowsApps;C:\Program Files\JetBrains\IntelliJ IDEA Community Edition 2022.2.3\bin;C:\Users\yj\AppData\Local\JetBrains\Toolbox\scripts;;C:\Program Files\JetBrains\IntelliJ IDEA Community Edition 2022.1.4\bin;;C:\Users\yj\AppData\Local\Microsoft\WindowsApps
USERNAME=yj
OS=Windows_NT
PROCESSOR_IDENTIFIER=AMD64 Family 23 Model 96 Stepping 1, AuthenticAMD
TMP=C:\Users\yj\AppData\Local\Temp
TEMP=C:\Users\yj\AppData\Local\Temp



---------------  S Y S T E M  ---------------

OS: Windows 11 , 64 bit Build 22621 (10.0.22621.1194)
OS uptime: 25 days 5:12 hours
Hyper-V role detected

CPU:total 6 (initial active 6) (6 cores per cpu, 1 threads per core) family 23 model 96 stepping 1 microcode 0x0, cmov, cx8, fxsr, mmx, sse, sse2, sse3, ssse3, sse4.1, sse4.2, popcnt, avx, avx2, aes, clmul, mmxext, 3dnowpref, lzcnt, sse4a, tsc, tscinvbit, tscinv, bmi1, bmi2, adx, sha, fma

Memory: 4k page, system-wide physical 11638M (720M free)
TotalPageFile size 42010M (AvailPageFile size 3M)
current process WorkingSet (physical memory assigned to process): 184M, peak: 184M
current process commit charge ("private bytes"): 340M, peak: 340M

vm_info: OpenJDK 64-Bit Server VM (11.0.17+8-LTS) for windows-amd64 JRE (Zulu11.60+19-CA) (11.0.17+8-LTS), built on Oct  9 2022 06:13:40 by "zulu_re" with MS VC++ 15.9 (VS2017)

END.
